<?xml version="1.0" encoding="UTF-8"?>
<!-- Generated by org.testng.reporters.JUnitReportReporter -->
<testsuite skipped="0" hostname="D2-PC" name="bankingProject.BankingProject" tests="1" failures="0" timestamp="24 Sep 2017 09:55:54 GMT" time="3.809" errors="0">
  <testcase name="openDemo" time="3.809" classname="bankingProject.BankingProject"/>
</testsuite> <!-- bankingProject.BankingProject -->
